<?xml version="1.0" encoding="UTF-8"?>
<testsuite name="HuffmanZipTest" tests="1" skipped="0" failures="0" errors="0" timestamp="2017-09-30T07:49:40" hostname="Sans-MacBook-Pro-2.local" time="0.037">
  <properties/>
  <testcase name="NodeBuilderHappyCase" classname="HuffmanZipTest" time="0.037"/>
  <system-out><![CDATA[]]></system-out>
  <system-err><![CDATA[]]></system-err>
</testsuite>
