<?xml version="1.0" encoding="UTF-8"?>
<testsuite name="HuffmanZipTest" tests="1" skipped="0" failures="0" errors="0" timestamp="2017-09-19T06:24:54" hostname="ChuanYui.local" time="0.002">
  <properties/>
  <testcase name="initializationTest" classname="HuffmanZipTest" time="0.002"/>
  <system-out><![CDATA[]]></system-out>
  <system-err><![CDATA[]]></system-err>
</testsuite>
